<?xml version="1.0" encoding="UTF-8"?>
<testsuites name="Mocha Tests" time="95.4780" tests="13" failures="0" skipped="2">
  <testsuite name="Root Suite" timestamp="2020-12-22T05:49:52" tests="0" file="cypress\integration\Catering\catering_login.js" time="0.0000" failures="0">
  </testsuite>
  <testsuite name="餐饮单位" timestamp="2020-12-22T05:49:52" tests="0" time="0.0000" failures="0">
  </testsuite>
  <testsuite name="工作台功能测试" timestamp="2020-12-22T05:49:52" tests="13" time="95.4780" failures="0">
    <testcase name="餐饮单位 工作台功能测试 工作台-待办事项" time="7.6760" classname="工作台-待办事项">
    </testcase>
    <testcase name="餐饮单位 工作台功能测试 工作台-常用工具" time="3.0610" classname="工作台-常用工具">
    </testcase>
    <testcase name="餐饮单位 工作台功能测试 工作台-验收情况" time="2.8010" classname="工作台-验收情况">
    </testcase>
    <testcase name="餐饮单位 工作台功能测试 菜单中心-统一菜单" time="2.0840" classname="菜单中心-统一菜单">
    </testcase>
    <testcase name="餐饮单位 工作台功能测试 菜单中心-我的菜单" time="19.5540" classname="菜单中心-我的菜单">
    </testcase>
    <testcase name="餐饮单位 工作台功能测试 菜单中心-菜单模板" time="9.3030" classname="菜单中心-菜单模板">
    </testcase>
    <testcase name="餐饮单位 工作台功能测试 辅料超市" time="8.0770" classname="辅料超市">
    </testcase>
    <testcase name="餐饮单位 工作台功能测试 采购订单" time="20.0070" classname="采购订单">
    </testcase>
    <testcase name="餐饮单位 工作台功能测试 配送验收" time="7.9570" classname="配送验收">
    </testcase>
    <testcase name="餐饮单位 工作台功能测试 结算管理" time="12.0970" classname="结算管理">
    </testcase>
    <testcase name="餐饮单位 工作台功能测试 查询统计" time="2.8610" classname="查询统计">
    </testcase>
  </testsuite>
</testsuites>